<?xml version="1.0" encoding="utf-8"?>
<TestRun id="1979c1a6-ea16-4135-a660-f211924d36b0" name="Jhonnatan@DESKTOP-6RCDPBB 2025-03-30 16:10:22" runUser="DESKTOP-6RCDPBB\Jhonnatan" xmlns="http://microsoft.com/schemas/VisualStudio/TeamTest/2010">
  <Times creation="2025-03-30T16:10:22.8153944-03:00" queuing="2025-03-30T16:10:22.8153947-03:00" start="2025-03-30T16:10:21.7003038-03:00" finish="2025-03-30T16:10:22.8660492-03:00" />
  <TestSettings name="default" id="fb94ab06-2d82-40f0-b0e6-556094450891">
    <Deployment runDeploymentRoot="Jhonnatan_DESKTOP-6RCDPBB_2025-03-30_16_10_22" />
  </TestSettings>
  <Results>
    <UnitTestResult executionId="b7b6a43a-3658-4c0c-b66f-2c78beb1e5b6" testId="366b7697-5dd9-6b2d-2072-9f96c1febbe5" testName="Piramide.Testes._1_UnitTests.PizzaSimplesTestes.PizzaSimples_ComDadosValidos_DeveRetornarValorCorreto" computerName="DESKTOP-6RCDPBB" duration="00:00:00.0070313" startTime="2025-03-30T16:10:22.7099036-03:00" endTime="2025-03-30T16:10:22.7099259-03:00" testType="13cdc9d9-ddb5-4fa4-a97d-d965ccfc6d4b" outcome="Passed" testListId="8c84fa94-04c1-424b-9868-57a2d4851a1d" relativeResultsDirectory="b7b6a43a-3658-4c0c-b66f-2c78beb1e5b6" />
    <UnitTestResult executionId="571070b8-f3f7-4671-b65a-1299c3b3575c" testId="a1f69b92-ac30-c265-cf02-1a8c217c3c90" testName="Piramide.Testes.UnitTests.PedidosTestes.Pedidos_SemEntrega_PizzaMista_DevemAcrescentarTaxa" computerName="DESKTOP-6RCDPBB" duration="00:00:00.0007882" startTime="2025-03-30T16:10:22.7527038-03:00" endTime="2025-03-30T16:10:22.7527038-03:00" testType="13cdc9d9-ddb5-4fa4-a97d-d965ccfc6d4b" outcome="Passed" testListId="8c84fa94-04c1-424b-9868-57a2d4851a1d" relativeResultsDirectory="571070b8-f3f7-4671-b65a-1299c3b3575c" />
    <UnitTestResult executionId="1aa83110-430b-4664-83f2-55b4389b2ab6" testId="7e45332c-2b19-b828-6806-f9afc3858a97" testName="Pedido com Item de Quantidade Zero" computerName="DESKTOP-6RCDPBB" duration="00:00:00.0403800" startTime="2025-03-30T16:10:22.7559402-03:00" endTime="2025-03-30T16:10:22.7559403-03:00" testType="13cdc9d9-ddb5-4fa4-a97d-d965ccfc6d4b" outcome="Passed" testListId="8c84fa94-04c1-424b-9868-57a2d4851a1d" relativeResultsDirectory="1aa83110-430b-4664-83f2-55b4389b2ab6">
      <Output>
        <StdOut>Dado que eu tenha um novo pedido&#xD;
-&gt; done: PedidoSteps.DadoQueEuTenhaUmNovoPedido() (0,0s)&#xD;
Quando eu adicionar um item com quantidade 0 e preço unitário de 50&#xD;
-&gt; done: PedidoSteps.QuandoEuAdicionarUmItem(0, 50) (0,0s)&#xD;
Então o pedido deve ser considerado inválido&#xD;
-&gt; done: PedidoSteps.EntaoOPedidoDeveSerConsideradoInvalido() (0,0s)</StdOut>
      </Output>
    </UnitTestResult>
    <UnitTestResult executionId="af0802cf-9dcf-46c3-acdb-dee0d75119b1" testId="cc0602bb-7efe-fb9d-d620-bb1d8c8db52f" testName="Piramide.Testes.UnitTests.PedidosTestes.Pedido_CalcularTotal_DeveRetornarValorCorreto" computerName="DESKTOP-6RCDPBB" duration="00:00:00.0001870" startTime="2025-03-30T16:10:22.7528333-03:00" endTime="2025-03-30T16:10:22.7528333-03:00" testType="13cdc9d9-ddb5-4fa4-a97d-d965ccfc6d4b" outcome="Passed" testListId="8c84fa94-04c1-424b-9868-57a2d4851a1d" relativeResultsDirectory="af0802cf-9dcf-46c3-acdb-dee0d75119b1" />
    <UnitTestResult executionId="3b4e19b0-0717-40ba-b3c9-43f217764544" testId="816fa289-14fb-c6aa-d449-c566223e270f" testName="Piramide.Testes.UnitTests.PedidosTestes.Pedido_SemItens_DeveSerInvalido" computerName="DESKTOP-6RCDPBB" duration="00:00:00.0000801" startTime="2025-03-30T16:10:22.7526180-03:00" endTime="2025-03-30T16:10:22.7526181-03:00" testType="13cdc9d9-ddb5-4fa4-a97d-d965ccfc6d4b" outcome="Passed" testListId="8c84fa94-04c1-424b-9868-57a2d4851a1d" relativeResultsDirectory="3b4e19b0-0717-40ba-b3c9-43f217764544" />
    <UnitTestResult executionId="6c454a7f-f0a7-42f6-9f47-9b680d4a624e" testId="b1cd5d42-2e2c-0ef6-22ef-16c964863ebc" testName="Piramide.Testes.IntegrationTests.PedidoTestesIntegracao.Pedido_QuantidadeZero_DeveSerInvalido" computerName="DESKTOP-6RCDPBB" duration="00:00:00.0003807" startTime="2025-03-30T16:10:22.7141001-03:00" endTime="2025-03-30T16:10:22.7141002-03:00" testType="13cdc9d9-ddb5-4fa4-a97d-d965ccfc6d4b" outcome="Passed" testListId="8c84fa94-04c1-424b-9868-57a2d4851a1d" relativeResultsDirectory="6c454a7f-f0a7-42f6-9f47-9b680d4a624e" />
    <UnitTestResult executionId="df767d1d-6aa0-4a3d-9eee-8de840bc4174" testId="456fdb8d-26fe-a165-e518-4a465b74a15a" testName="Piramide.Testes.UnitTests.PedidosTestes.Pedidos_ComEntrega_PizzaMista_DevemAcrescentarTaxa" computerName="DESKTOP-6RCDPBB" duration="00:00:00.0001906" startTime="2025-03-30T16:10:22.7527754-03:00" endTime="2025-03-30T16:10:22.7527755-03:00" testType="13cdc9d9-ddb5-4fa4-a97d-d965ccfc6d4b" outcome="Passed" testListId="8c84fa94-04c1-424b-9868-57a2d4851a1d" relativeResultsDirectory="df767d1d-6aa0-4a3d-9eee-8de840bc4174" />
    <UnitTestResult executionId="d77b6b45-bf71-4610-ba71-99b8b6b46ca5" testId="7045f2f7-ab77-22f6-6feb-309c17ebedc0" testName="Piramide.Testes.UnitTests.PedidosTestes.Pedidos_ComEntrega_PizzaSimples_DevemAcrescentarTaxa" computerName="DESKTOP-6RCDPBB" duration="00:00:00.0002401" startTime="2025-03-30T16:10:22.7525518-03:00" endTime="2025-03-30T16:10:22.7525519-03:00" testType="13cdc9d9-ddb5-4fa4-a97d-d965ccfc6d4b" outcome="Passed" testListId="8c84fa94-04c1-424b-9868-57a2d4851a1d" relativeResultsDirectory="d77b6b45-bf71-4610-ba71-99b8b6b46ca5" />
    <UnitTestResult executionId="188ff084-37a1-41e1-91ea-08b37315ce37" testId="7b340792-bb8d-535c-7798-38bd7a80e829" testName="Piramide.Testes.UnitTests.PedidosTestes.Pedido_ComItens_QuantidadeZero_DeveSerInvalido" computerName="DESKTOP-6RCDPBB" duration="00:00:00.0001541" startTime="2025-03-30T16:10:22.7524401-03:00" endTime="2025-03-30T16:10:22.7524402-03:00" testType="13cdc9d9-ddb5-4fa4-a97d-d965ccfc6d4b" outcome="Passed" testListId="8c84fa94-04c1-424b-9868-57a2d4851a1d" relativeResultsDirectory="188ff084-37a1-41e1-91ea-08b37315ce37" />
    <UnitTestResult executionId="36d97d1f-3a5e-4c51-8efd-ea4a229157d8" testId="0ce555bd-96fe-91ea-33cd-64c2ed3683ef" testName="Piramide.Testes._3_SystemTests.TestesSistema.CriarPedido_ComMultiplosItens_DeveCalcularTotalCorretamente" computerName="DESKTOP-6RCDPBB" duration="00:00:00.0001820" startTime="2025-03-30T16:10:22.7521159-03:00" endTime="2025-03-30T16:10:22.7521160-03:00" testType="13cdc9d9-ddb5-4fa4-a97d-d965ccfc6d4b" outcome="Passed" testListId="8c84fa94-04c1-424b-9868-57a2d4851a1d" relativeResultsDirectory="36d97d1f-3a5e-4c51-8efd-ea4a229157d8" />
    <UnitTestResult executionId="f5ca05ca-5381-4056-8790-c36f51d53280" testId="9db5739a-5084-65b0-c806-87c9d59aec1f" testName="Piramide.Testes._1_UnitTests.PizzaMistaTestes.Pizza_ComValoresValidos_DeveRetornarValorCorreto" computerName="DESKTOP-6RCDPBB" duration="00:00:00.0009448" startTime="2025-03-30T16:10:22.7526775-03:00" endTime="2025-03-30T16:10:22.7526775-03:00" testType="13cdc9d9-ddb5-4fa4-a97d-d965ccfc6d4b" outcome="Passed" testListId="8c84fa94-04c1-424b-9868-57a2d4851a1d" relativeResultsDirectory="f5ca05ca-5381-4056-8790-c36f51d53280" />
    <UnitTestResult executionId="c6113c32-c3da-47a1-b8db-d9ae905859f2" testId="e7794714-0393-8fe9-8489-64f214e479ab" testName="Piramide.Testes._3_SystemTests.TestesSistema.Pedido_ComValorAlto_DeveAplicarFreteGratis" computerName="DESKTOP-6RCDPBB" duration="00:00:00.0004806" startTime="2025-03-30T16:10:22.7139730-03:00" endTime="2025-03-30T16:10:22.7139730-03:00" testType="13cdc9d9-ddb5-4fa4-a97d-d965ccfc6d4b" outcome="Passed" testListId="8c84fa94-04c1-424b-9868-57a2d4851a1d" relativeResultsDirectory="c6113c32-c3da-47a1-b8db-d9ae905859f2" />
    <UnitTestResult executionId="86810a43-22e0-4422-9bc6-0103a5007cea" testId="0d529578-bf85-6621-56f1-4827b8488531" testName="Piramide.Testes.IntegrationTests.PedidoTestesIntegracao.Pedido_SemItens_DeveSerInvalido" computerName="DESKTOP-6RCDPBB" duration="00:00:00.0000539" startTime="2025-03-30T16:10:22.7142171-03:00" endTime="2025-03-30T16:10:22.7142171-03:00" testType="13cdc9d9-ddb5-4fa4-a97d-d965ccfc6d4b" outcome="Passed" testListId="8c84fa94-04c1-424b-9868-57a2d4851a1d" relativeResultsDirectory="86810a43-22e0-4422-9bc6-0103a5007cea" />
    <UnitTestResult executionId="3571d83c-eb9d-48b3-8533-b4ecfd44f2d2" testId="14e11f89-9879-52df-9b76-be71f3388440" testName="Piramide.Testes._3_SystemTests.TestesSistema.Pedido_RemoverItem_DeveRecalcularTotal" computerName="DESKTOP-6RCDPBB" duration="00:00:00.0103805" startTime="2025-03-30T16:10:22.7135146-03:00" endTime="2025-03-30T16:10:22.7135148-03:00" testType="13cdc9d9-ddb5-4fa4-a97d-d965ccfc6d4b" outcome="Passed" testListId="8c84fa94-04c1-424b-9868-57a2d4851a1d" relativeResultsDirectory="3571d83c-eb9d-48b3-8533-b4ecfd44f2d2" />
    <UnitTestResult executionId="f76fc9a7-6e59-445d-90a4-855f1bd384dc" testId="173fd7f9-41ec-b51a-abe3-cb83c0aeecf9" testName="Piramide.Testes.IntegrationTests.PedidoTestesIntegracao.Pedido_ComItens_DeveCalcularTotalCorretamente" computerName="DESKTOP-6RCDPBB" duration="00:00:00.0001314" startTime="2025-03-30T16:10:22.7523399-03:00" endTime="2025-03-30T16:10:22.7523400-03:00" testType="13cdc9d9-ddb5-4fa4-a97d-d965ccfc6d4b" outcome="Passed" testListId="8c84fa94-04c1-424b-9868-57a2d4851a1d" relativeResultsDirectory="f76fc9a7-6e59-445d-90a4-855f1bd384dc" />
    <UnitTestResult executionId="114294dc-8cd7-488f-966d-6083a5f94ebf" testId="2496a990-644d-c366-4c0c-441535abcbac" testName="Piramide.Testes._3_SystemTests.TestesSistema.Pedido_ComItemZero_Quantidade_DeveSerInvalido" computerName="DESKTOP-6RCDPBB" duration="00:00:00.0004568" startTime="2025-03-30T16:10:22.7141262-03:00" endTime="2025-03-30T16:10:22.7141262-03:00" testType="13cdc9d9-ddb5-4fa4-a97d-d965ccfc6d4b" outcome="Passed" testListId="8c84fa94-04c1-424b-9868-57a2d4851a1d" relativeResultsDirectory="114294dc-8cd7-488f-966d-6083a5f94ebf" />
    <UnitTestResult executionId="f099dea9-0f36-4dce-8269-e16153e3b35d" testId="85b799a7-5124-560f-d140-8da15b2fba31" testName="Pedido com Frete Grátis" computerName="DESKTOP-6RCDPBB" duration="00:00:00.0009473" startTime="2025-03-30T16:10:22.7563836-03:00" endTime="2025-03-30T16:10:22.7563837-03:00" testType="13cdc9d9-ddb5-4fa4-a97d-d965ccfc6d4b" outcome="Passed" testListId="8c84fa94-04c1-424b-9868-57a2d4851a1d" relativeResultsDirectory="f099dea9-0f36-4dce-8269-e16153e3b35d">
      <Output>
        <StdOut>Dado que eu tenha um novo pedido&#xD;
-&gt; done: PedidoSteps.DadoQueEuTenhaUmNovoPedido() (0,0s)&#xD;
Quando eu adicionar um item com quantidade 6 e preço unitário de 100&#xD;
-&gt; done: PedidoSteps.QuandoEuAdicionarUmItem(6, 100) (0,0s)&#xD;
Então o frete deve ser grátis&#xD;
-&gt; done: PedidoSteps.EntaoOFreteDeveSerGratis() (0,0s)</StdOut>
      </Output>
    </UnitTestResult>
    <UnitTestResult executionId="6975bae3-00f4-4ed1-aa9a-8ea85c217844" testId="83c8436d-da29-4a42-ee89-2402147076b9" testName="Criar Pedido Válido" computerName="DESKTOP-6RCDPBB" duration="00:00:00.0022089" startTime="2025-03-30T16:10:22.7562847-03:00" endTime="2025-03-30T16:10:22.7562848-03:00" testType="13cdc9d9-ddb5-4fa4-a97d-d965ccfc6d4b" outcome="Passed" testListId="8c84fa94-04c1-424b-9868-57a2d4851a1d" relativeResultsDirectory="6975bae3-00f4-4ed1-aa9a-8ea85c217844">
      <Output>
        <StdOut>Dado que eu tenha um novo pedido&#xD;
-&gt; done: PedidoSteps.DadoQueEuTenhaUmNovoPedido() (0,0s)&#xD;
Quando eu adicionar um item com quantidade 3 e preço unitário de 40&#xD;
-&gt; done: PedidoSteps.QuandoEuAdicionarUmItem(3, 40) (0,0s)&#xD;
Então o valor total do pedido deve ser 120&#xD;
-&gt; done: PedidoSteps.EntaoOValorTotalDoPedidoDeveSer(120) (0,0s)</StdOut>
      </Output>
    </UnitTestResult>
    <UnitTestResult executionId="5bf76e79-0a2f-4566-8671-ae93db7394fd" testId="1c109403-073e-04c6-66f4-82096345336f" testName="Piramide.Testes.UnitTests.PedidosTestes.Pedidos_SemEntrega_PizzaSimples_DevemAcrescentarTaxa" computerName="DESKTOP-6RCDPBB" duration="00:00:00.0001540" startTime="2025-03-30T16:10:22.7557527-03:00" endTime="2025-03-30T16:10:22.7557528-03:00" testType="13cdc9d9-ddb5-4fa4-a97d-d965ccfc6d4b" outcome="Passed" testListId="8c84fa94-04c1-424b-9868-57a2d4851a1d" relativeResultsDirectory="5bf76e79-0a2f-4566-8671-ae93db7394fd" />
    <UnitTestResult executionId="f70ea45c-d07b-45e8-9f3d-2649735c0e28" testId="77bbb999-888e-f129-ecd9-8c7e66b0efc0" testName="Piramide.Testes.IntegrationTests.PedidoTestesIntegracao.Pedido_RemoverItem_DeveAtualizarTotal" computerName="DESKTOP-6RCDPBB" duration="00:00:00.0002016" startTime="2025-03-30T16:10:22.7140373-03:00" endTime="2025-03-30T16:10:22.7140374-03:00" testType="13cdc9d9-ddb5-4fa4-a97d-d965ccfc6d4b" outcome="Passed" testListId="8c84fa94-04c1-424b-9868-57a2d4851a1d" relativeResultsDirectory="f70ea45c-d07b-45e8-9f3d-2649735c0e28" />
  </Results>
  <TestDefinitions>
    <UnitTest name="Piramide.Testes.UnitTests.PedidosTestes.Pedidos_ComEntrega_PizzaSimples_DevemAcrescentarTaxa" storage="c:\users\jhonnatan\desktop\curso de pirâmide de testes\piramidetestes\piramide.testes\bin\debug\net9.0\piramide.testes.dll" id="7045f2f7-ab77-22f6-6feb-309c17ebedc0">
      <Execution id="d77b6b45-bf71-4610-ba71-99b8b6b46ca5" />
      <TestMethod codeBase="C:\Users\Jhonnatan\Desktop\Curso de Pirâmide de testes\PiramideTestes\Piramide.Testes\bin\Debug\net9.0\Piramide.Testes.dll" adapterTypeName="executor://xunit/VsTestRunner2/netcoreapp" className="Piramide.Testes.UnitTests.PedidosTestes" name="Pedidos_ComEntrega_PizzaSimples_DevemAcrescentarTaxa" />
    </UnitTest>
    <UnitTest name="Piramide.Testes._3_SystemTests.TestesSistema.Pedido_ComItemZero_Quantidade_DeveSerInvalido" storage="c:\users\jhonnatan\desktop\curso de pirâmide de testes\piramidetestes\piramide.testes\bin\debug\net9.0\piramide.testes.dll" id="2496a990-644d-c366-4c0c-441535abcbac">
      <Execution id="114294dc-8cd7-488f-966d-6083a5f94ebf" />
      <TestMethod codeBase="C:\Users\Jhonnatan\Desktop\Curso de Pirâmide de testes\PiramideTestes\Piramide.Testes\bin\Debug\net9.0\Piramide.Testes.dll" adapterTypeName="executor://xunit/VsTestRunner2/netcoreapp" className="Piramide.Testes._3_SystemTests.TestesSistema" name="Pedido_ComItemZero_Quantidade_DeveSerInvalido" />
    </UnitTest>
    <UnitTest name="Piramide.Testes.IntegrationTests.PedidoTestesIntegracao.Pedido_QuantidadeZero_DeveSerInvalido" storage="c:\users\jhonnatan\desktop\curso de pirâmide de testes\piramidetestes\piramide.testes\bin\debug\net9.0\piramide.testes.dll" id="b1cd5d42-2e2c-0ef6-22ef-16c964863ebc">
      <Execution id="6c454a7f-f0a7-42f6-9f47-9b680d4a624e" />
      <TestMethod codeBase="C:\Users\Jhonnatan\Desktop\Curso de Pirâmide de testes\PiramideTestes\Piramide.Testes\bin\Debug\net9.0\Piramide.Testes.dll" adapterTypeName="executor://xunit/VsTestRunner2/netcoreapp" className="Piramide.Testes.IntegrationTests.PedidoTestesIntegracao" name="Pedido_QuantidadeZero_DeveSerInvalido" />
    </UnitTest>
    <UnitTest name="Piramide.Testes._1_UnitTests.PizzaSimplesTestes.PizzaSimples_ComDadosValidos_DeveRetornarValorCorreto" storage="c:\users\jhonnatan\desktop\curso de pirâmide de testes\piramidetestes\piramide.testes\bin\debug\net9.0\piramide.testes.dll" id="366b7697-5dd9-6b2d-2072-9f96c1febbe5">
      <Execution id="b7b6a43a-3658-4c0c-b66f-2c78beb1e5b6" />
      <TestMethod codeBase="C:\Users\Jhonnatan\Desktop\Curso de Pirâmide de testes\PiramideTestes\Piramide.Testes\bin\Debug\net9.0\Piramide.Testes.dll" adapterTypeName="executor://xunit/VsTestRunner2/netcoreapp" className="Piramide.Testes._1_UnitTests.PizzaSimplesTestes" name="PizzaSimples_ComDadosValidos_DeveRetornarValorCorreto" />
    </UnitTest>
    <UnitTest name="Piramide.Testes.UnitTests.PedidosTestes.Pedido_CalcularTotal_DeveRetornarValorCorreto" storage="c:\users\jhonnatan\desktop\curso de pirâmide de testes\piramidetestes\piramide.testes\bin\debug\net9.0\piramide.testes.dll" id="cc0602bb-7efe-fb9d-d620-bb1d8c8db52f">
      <Execution id="af0802cf-9dcf-46c3-acdb-dee0d75119b1" />
      <TestMethod codeBase="C:\Users\Jhonnatan\Desktop\Curso de Pirâmide de testes\PiramideTestes\Piramide.Testes\bin\Debug\net9.0\Piramide.Testes.dll" adapterTypeName="executor://xunit/VsTestRunner2/netcoreapp" className="Piramide.Testes.UnitTests.PedidosTestes" name="Pedido_CalcularTotal_DeveRetornarValorCorreto" />
    </UnitTest>
    <UnitTest name="Piramide.Testes.UnitTests.PedidosTestes.Pedidos_SemEntrega_PizzaMista_DevemAcrescentarTaxa" storage="c:\users\jhonnatan\desktop\curso de pirâmide de testes\piramidetestes\piramide.testes\bin\debug\net9.0\piramide.testes.dll" id="a1f69b92-ac30-c265-cf02-1a8c217c3c90">
      <Execution id="571070b8-f3f7-4671-b65a-1299c3b3575c" />
      <TestMethod codeBase="C:\Users\Jhonnatan\Desktop\Curso de Pirâmide de testes\PiramideTestes\Piramide.Testes\bin\Debug\net9.0\Piramide.Testes.dll" adapterTypeName="executor://xunit/VsTestRunner2/netcoreapp" className="Piramide.Testes.UnitTests.PedidosTestes" name="Pedidos_SemEntrega_PizzaMista_DevemAcrescentarTaxa" />
    </UnitTest>
    <UnitTest name="Piramide.Testes.IntegrationTests.PedidoTestesIntegracao.Pedido_ComItens_DeveCalcularTotalCorretamente" storage="c:\users\jhonnatan\desktop\curso de pirâmide de testes\piramidetestes\piramide.testes\bin\debug\net9.0\piramide.testes.dll" id="173fd7f9-41ec-b51a-abe3-cb83c0aeecf9">
      <Execution id="f76fc9a7-6e59-445d-90a4-855f1bd384dc" />
      <TestMethod codeBase="C:\Users\Jhonnatan\Desktop\Curso de Pirâmide de testes\PiramideTestes\Piramide.Testes\bin\Debug\net9.0\Piramide.Testes.dll" adapterTypeName="executor://xunit/VsTestRunner2/netcoreapp" className="Piramide.Testes.IntegrationTests.PedidoTestesIntegracao" name="Pedido_ComItens_DeveCalcularTotalCorretamente" />
    </UnitTest>
    <UnitTest name="Piramide.Testes.UnitTests.PedidosTestes.Pedidos_ComEntrega_PizzaMista_DevemAcrescentarTaxa" storage="c:\users\jhonnatan\desktop\curso de pirâmide de testes\piramidetestes\piramide.testes\bin\debug\net9.0\piramide.testes.dll" id="456fdb8d-26fe-a165-e518-4a465b74a15a">
      <Execution id="df767d1d-6aa0-4a3d-9eee-8de840bc4174" />
      <TestMethod codeBase="C:\Users\Jhonnatan\Desktop\Curso de Pirâmide de testes\PiramideTestes\Piramide.Testes\bin\Debug\net9.0\Piramide.Testes.dll" adapterTypeName="executor://xunit/VsTestRunner2/netcoreapp" className="Piramide.Testes.UnitTests.PedidosTestes" name="Pedidos_ComEntrega_PizzaMista_DevemAcrescentarTaxa" />
    </UnitTest>
    <UnitTest name="Pedido com Frete Grátis" storage="c:\users\jhonnatan\desktop\curso de pirâmide de testes\piramidetestes\piramide.testes\bin\debug\net9.0\piramide.testes.dll" id="85b799a7-5124-560f-d140-8da15b2fba31">
      <Execution id="f099dea9-0f36-4dce-8269-e16153e3b35d" />
      <TestMethod codeBase="C:\Users\Jhonnatan\Desktop\Curso de Pirâmide de testes\PiramideTestes\Piramide.Testes\bin\Debug\net9.0\Piramide.Testes.dll" adapterTypeName="executor://xunit/VsTestRunner2/netcoreapp" className="Piramide.Testes._4_Features.RealizarPedidoFeature" name="PedidoComFreteGratis" />
    </UnitTest>
    <UnitTest name="Piramide.Testes.IntegrationTests.PedidoTestesIntegracao.Pedido_SemItens_DeveSerInvalido" storage="c:\users\jhonnatan\desktop\curso de pirâmide de testes\piramidetestes\piramide.testes\bin\debug\net9.0\piramide.testes.dll" id="0d529578-bf85-6621-56f1-4827b8488531">
      <Execution id="86810a43-22e0-4422-9bc6-0103a5007cea" />
      <TestMethod codeBase="C:\Users\Jhonnatan\Desktop\Curso de Pirâmide de testes\PiramideTestes\Piramide.Testes\bin\Debug\net9.0\Piramide.Testes.dll" adapterTypeName="executor://xunit/VsTestRunner2/netcoreapp" className="Piramide.Testes.IntegrationTests.PedidoTestesIntegracao" name="Pedido_SemItens_DeveSerInvalido" />
    </UnitTest>
    <UnitTest name="Pedido com Item de Quantidade Zero" storage="c:\users\jhonnatan\desktop\curso de pirâmide de testes\piramidetestes\piramide.testes\bin\debug\net9.0\piramide.testes.dll" id="7e45332c-2b19-b828-6806-f9afc3858a97">
      <Execution id="1aa83110-430b-4664-83f2-55b4389b2ab6" />
      <TestMethod codeBase="C:\Users\Jhonnatan\Desktop\Curso de Pirâmide de testes\PiramideTestes\Piramide.Testes\bin\Debug\net9.0\Piramide.Testes.dll" adapterTypeName="executor://xunit/VsTestRunner2/netcoreapp" className="Piramide.Testes._4_Features.RealizarPedidoFeature" name="PedidoComItemDeQuantidadeZero" />
    </UnitTest>
    <UnitTest name="Criar Pedido Válido" storage="c:\users\jhonnatan\desktop\curso de pirâmide de testes\piramidetestes\piramide.testes\bin\debug\net9.0\piramide.testes.dll" id="83c8436d-da29-4a42-ee89-2402147076b9">
      <Execution id="6975bae3-00f4-4ed1-aa9a-8ea85c217844" />
      <TestMethod codeBase="C:\Users\Jhonnatan\Desktop\Curso de Pirâmide de testes\PiramideTestes\Piramide.Testes\bin\Debug\net9.0\Piramide.Testes.dll" adapterTypeName="executor://xunit/VsTestRunner2/netcoreapp" className="Piramide.Testes._4_Features.RealizarPedidoFeature" name="CriarPedidoValido" />
    </UnitTest>
    <UnitTest name="Piramide.Testes._3_SystemTests.TestesSistema.CriarPedido_ComMultiplosItens_DeveCalcularTotalCorretamente" storage="c:\users\jhonnatan\desktop\curso de pirâmide de testes\piramidetestes\piramide.testes\bin\debug\net9.0\piramide.testes.dll" id="0ce555bd-96fe-91ea-33cd-64c2ed3683ef">
      <Execution id="36d97d1f-3a5e-4c51-8efd-ea4a229157d8" />
      <TestMethod codeBase="C:\Users\Jhonnatan\Desktop\Curso de Pirâmide de testes\PiramideTestes\Piramide.Testes\bin\Debug\net9.0\Piramide.Testes.dll" adapterTypeName="executor://xunit/VsTestRunner2/netcoreapp" className="Piramide.Testes._3_SystemTests.TestesSistema" name="CriarPedido_ComMultiplosItens_DeveCalcularTotalCorretamente" />
    </UnitTest>
    <UnitTest name="Piramide.Testes.UnitTests.PedidosTestes.Pedido_ComItens_QuantidadeZero_DeveSerInvalido" storage="c:\users\jhonnatan\desktop\curso de pirâmide de testes\piramidetestes\piramide.testes\bin\debug\net9.0\piramide.testes.dll" id="7b340792-bb8d-535c-7798-38bd7a80e829">
      <Execution id="188ff084-37a1-41e1-91ea-08b37315ce37" />
      <TestMethod codeBase="C:\Users\Jhonnatan\Desktop\Curso de Pirâmide de testes\PiramideTestes\Piramide.Testes\bin\Debug\net9.0\Piramide.Testes.dll" adapterTypeName="executor://xunit/VsTestRunner2/netcoreapp" className="Piramide.Testes.UnitTests.PedidosTestes" name="Pedido_ComItens_QuantidadeZero_DeveSerInvalido" />
    </UnitTest>
    <UnitTest name="Piramide.Testes._1_UnitTests.PizzaMistaTestes.Pizza_ComValoresValidos_DeveRetornarValorCorreto" storage="c:\users\jhonnatan\desktop\curso de pirâmide de testes\piramidetestes\piramide.testes\bin\debug\net9.0\piramide.testes.dll" id="9db5739a-5084-65b0-c806-87c9d59aec1f">
      <Execution id="f5ca05ca-5381-4056-8790-c36f51d53280" />
      <TestMethod codeBase="C:\Users\Jhonnatan\Desktop\Curso de Pirâmide de testes\PiramideTestes\Piramide.Testes\bin\Debug\net9.0\Piramide.Testes.dll" adapterTypeName="executor://xunit/VsTestRunner2/netcoreapp" className="Piramide.Testes._1_UnitTests.PizzaMistaTestes" name="Pizza_ComValoresValidos_DeveRetornarValorCorreto" />
    </UnitTest>
    <UnitTest name="Piramide.Testes.UnitTests.PedidosTestes.Pedido_SemItens_DeveSerInvalido" storage="c:\users\jhonnatan\desktop\curso de pirâmide de testes\piramidetestes\piramide.testes\bin\debug\net9.0\piramide.testes.dll" id="816fa289-14fb-c6aa-d449-c566223e270f">
      <Execution id="3b4e19b0-0717-40ba-b3c9-43f217764544" />
      <TestMethod codeBase="C:\Users\Jhonnatan\Desktop\Curso de Pirâmide de testes\PiramideTestes\Piramide.Testes\bin\Debug\net9.0\Piramide.Testes.dll" adapterTypeName="executor://xunit/VsTestRunner2/netcoreapp" className="Piramide.Testes.UnitTests.PedidosTestes" name="Pedido_SemItens_DeveSerInvalido" />
    </UnitTest>
    <UnitTest name="Piramide.Testes._3_SystemTests.TestesSistema.Pedido_ComValorAlto_DeveAplicarFreteGratis" storage="c:\users\jhonnatan\desktop\curso de pirâmide de testes\piramidetestes\piramide.testes\bin\debug\net9.0\piramide.testes.dll" id="e7794714-0393-8fe9-8489-64f214e479ab">
      <Execution id="c6113c32-c3da-47a1-b8db-d9ae905859f2" />
      <TestMethod codeBase="C:\Users\Jhonnatan\Desktop\Curso de Pirâmide de testes\PiramideTestes\Piramide.Testes\bin\Debug\net9.0\Piramide.Testes.dll" adapterTypeName="executor://xunit/VsTestRunner2/netcoreapp" className="Piramide.Testes._3_SystemTests.TestesSistema" name="Pedido_ComValorAlto_DeveAplicarFreteGratis" />
    </UnitTest>
    <UnitTest name="Piramide.Testes.UnitTests.PedidosTestes.Pedidos_SemEntrega_PizzaSimples_DevemAcrescentarTaxa" storage="c:\users\jhonnatan\desktop\curso de pirâmide de testes\piramidetestes\piramide.testes\bin\debug\net9.0\piramide.testes.dll" id="1c109403-073e-04c6-66f4-82096345336f">
      <Execution id="5bf76e79-0a2f-4566-8671-ae93db7394fd" />
      <TestMethod codeBase="C:\Users\Jhonnatan\Desktop\Curso de Pirâmide de testes\PiramideTestes\Piramide.Testes\bin\Debug\net9.0\Piramide.Testes.dll" adapterTypeName="executor://xunit/VsTestRunner2/netcoreapp" className="Piramide.Testes.UnitTests.PedidosTestes" name="Pedidos_SemEntrega_PizzaSimples_DevemAcrescentarTaxa" />
    </UnitTest>
    <UnitTest name="Piramide.Testes.IntegrationTests.PedidoTestesIntegracao.Pedido_RemoverItem_DeveAtualizarTotal" storage="c:\users\jhonnatan\desktop\curso de pirâmide de testes\piramidetestes\piramide.testes\bin\debug\net9.0\piramide.testes.dll" id="77bbb999-888e-f129-ecd9-8c7e66b0efc0">
      <Execution id="f70ea45c-d07b-45e8-9f3d-2649735c0e28" />
      <TestMethod codeBase="C:\Users\Jhonnatan\Desktop\Curso de Pirâmide de testes\PiramideTestes\Piramide.Testes\bin\Debug\net9.0\Piramide.Testes.dll" adapterTypeName="executor://xunit/VsTestRunner2/netcoreapp" className="Piramide.Testes.IntegrationTests.PedidoTestesIntegracao" name="Pedido_RemoverItem_DeveAtualizarTotal" />
    </UnitTest>
    <UnitTest name="Piramide.Testes._3_SystemTests.TestesSistema.Pedido_RemoverItem_DeveRecalcularTotal" storage="c:\users\jhonnatan\desktop\curso de pirâmide de testes\piramidetestes\piramide.testes\bin\debug\net9.0\piramide.testes.dll" id="14e11f89-9879-52df-9b76-be71f3388440">
      <Execution id="3571d83c-eb9d-48b3-8533-b4ecfd44f2d2" />
      <TestMethod codeBase="C:\Users\Jhonnatan\Desktop\Curso de Pirâmide de testes\PiramideTestes\Piramide.Testes\bin\Debug\net9.0\Piramide.Testes.dll" adapterTypeName="executor://xunit/VsTestRunner2/netcoreapp" className="Piramide.Testes._3_SystemTests.TestesSistema" name="Pedido_RemoverItem_DeveRecalcularTotal" />
    </UnitTest>
  </TestDefinitions>
  <TestEntries>
    <TestEntry testId="366b7697-5dd9-6b2d-2072-9f96c1febbe5" executionId="b7b6a43a-3658-4c0c-b66f-2c78beb1e5b6" testListId="8c84fa94-04c1-424b-9868-57a2d4851a1d" />
    <TestEntry testId="a1f69b92-ac30-c265-cf02-1a8c217c3c90" executionId="571070b8-f3f7-4671-b65a-1299c3b3575c" testListId="8c84fa94-04c1-424b-9868-57a2d4851a1d" />
    <TestEntry testId="7e45332c-2b19-b828-6806-f9afc3858a97" executionId="1aa83110-430b-4664-83f2-55b4389b2ab6" testListId="8c84fa94-04c1-424b-9868-57a2d4851a1d" />
    <TestEntry testId="cc0602bb-7efe-fb9d-d620-bb1d8c8db52f" executionId="af0802cf-9dcf-46c3-acdb-dee0d75119b1" testListId="8c84fa94-04c1-424b-9868-57a2d4851a1d" />
    <TestEntry testId="816fa289-14fb-c6aa-d449-c566223e270f" executionId="3b4e19b0-0717-40ba-b3c9-43f217764544" testListId="8c84fa94-04c1-424b-9868-57a2d4851a1d" />
    <TestEntry testId="b1cd5d42-2e2c-0ef6-22ef-16c964863ebc" executionId="6c454a7f-f0a7-42f6-9f47-9b680d4a624e" testListId="8c84fa94-04c1-424b-9868-57a2d4851a1d" />
    <TestEntry testId="456fdb8d-26fe-a165-e518-4a465b74a15a" executionId="df767d1d-6aa0-4a3d-9eee-8de840bc4174" testListId="8c84fa94-04c1-424b-9868-57a2d4851a1d" />
    <TestEntry testId="7045f2f7-ab77-22f6-6feb-309c17ebedc0" executionId="d77b6b45-bf71-4610-ba71-99b8b6b46ca5" testListId="8c84fa94-04c1-424b-9868-57a2d4851a1d" />
    <TestEntry testId="7b340792-bb8d-535c-7798-38bd7a80e829" executionId="188ff084-37a1-41e1-91ea-08b37315ce37" testListId="8c84fa94-04c1-424b-9868-57a2d4851a1d" />
    <TestEntry testId="0ce555bd-96fe-91ea-33cd-64c2ed3683ef" executionId="36d97d1f-3a5e-4c51-8efd-ea4a229157d8" testListId="8c84fa94-04c1-424b-9868-57a2d4851a1d" />
    <TestEntry testId="9db5739a-5084-65b0-c806-87c9d59aec1f" executionId="f5ca05ca-5381-4056-8790-c36f51d53280" testListId="8c84fa94-04c1-424b-9868-57a2d4851a1d" />
    <TestEntry testId="e7794714-0393-8fe9-8489-64f214e479ab" executionId="c6113c32-c3da-47a1-b8db-d9ae905859f2" testListId="8c84fa94-04c1-424b-9868-57a2d4851a1d" />
    <TestEntry testId="0d529578-bf85-6621-56f1-4827b8488531" executionId="86810a43-22e0-4422-9bc6-0103a5007cea" testListId="8c84fa94-04c1-424b-9868-57a2d4851a1d" />
    <TestEntry testId="14e11f89-9879-52df-9b76-be71f3388440" executionId="3571d83c-eb9d-48b3-8533-b4ecfd44f2d2" testListId="8c84fa94-04c1-424b-9868-57a2d4851a1d" />
    <TestEntry testId="173fd7f9-41ec-b51a-abe3-cb83c0aeecf9" executionId="f76fc9a7-6e59-445d-90a4-855f1bd384dc" testListId="8c84fa94-04c1-424b-9868-57a2d4851a1d" />
    <TestEntry testId="2496a990-644d-c366-4c0c-441535abcbac" executionId="114294dc-8cd7-488f-966d-6083a5f94ebf" testListId="8c84fa94-04c1-424b-9868-57a2d4851a1d" />
    <TestEntry testId="85b799a7-5124-560f-d140-8da15b2fba31" executionId="f099dea9-0f36-4dce-8269-e16153e3b35d" testListId="8c84fa94-04c1-424b-9868-57a2d4851a1d" />
    <TestEntry testId="83c8436d-da29-4a42-ee89-2402147076b9" executionId="6975bae3-00f4-4ed1-aa9a-8ea85c217844" testListId="8c84fa94-04c1-424b-9868-57a2d4851a1d" />
    <TestEntry testId="1c109403-073e-04c6-66f4-82096345336f" executionId="5bf76e79-0a2f-4566-8671-ae93db7394fd" testListId="8c84fa94-04c1-424b-9868-57a2d4851a1d" />
    <TestEntry testId="77bbb999-888e-f129-ecd9-8c7e66b0efc0" executionId="f70ea45c-d07b-45e8-9f3d-2649735c0e28" testListId="8c84fa94-04c1-424b-9868-57a2d4851a1d" />
  </TestEntries>
  <TestLists>
    <TestList name="Resultados que não estão em uma lista" id="8c84fa94-04c1-424b-9868-57a2d4851a1d" />
    <TestList name="Todos os resultados carregados" id="19431567-8539-422a-85d7-44ee4e166bda" />
  </TestLists>
  <ResultSummary outcome="Completed">
    <Counters total="20" executed="20" passed="20" failed="0" error="0" timeout="0" aborted="0" inconclusive="0" passedButRunAborted="0" notRunnable="0" notExecuted="0" disconnected="0" warning="0" completed="0" inProgress="0" pending="0" />
    <Output>
      <StdOut>[xUnit.net 00:00:00.00] xUnit.net VSTest Adapter v2.8.2+699d445a1a (64-bit .NET 9.0.0)&#xD;
[xUnit.net 00:00:00.11]   Discovering: Piramide.Testes&#xD;
[xUnit.net 00:00:00.17]   Discovered:  Piramide.Testes&#xD;
[xUnit.net 00:00:00.18]   Starting:    Piramide.Testes&#xD;
-&gt; Loading plugin C:\Users\Jhonnatan\Desktop\Curso de Pir�mide de testes\PiramideTestes\Piramide.Testes\bin\Debug\net9.0\TechTalk.SpecFlow.xUnit.SpecFlowPlugin.dll&#xD;
-&gt; Loading plugin C:\Users\Jhonnatan\Desktop\Curso de Pir�mide de testes\PiramideTestes\Piramide.Testes\bin\Debug\net9.0\Piramide.Testes.dll&#xD;
-&gt; Using specflow.json&#xD;
[xUnit.net 00:00:00.50]   Finished:    Piramide.Testes&#xD;
</StdOut>
    </Output>
  </ResultSummary>
</TestRun>